Build started 2015-12-03 오후 9:30:46.
     1>Project "C:\Users\ekhong\Documents\Visual Studio 2015\Projects\Crossword\Crossword\Crossword.vcxproj" on node 2 (Build target(s)).
     1>ClCompile:
         C:\Program Files (x86)\Microsoft Visual Studio 14.0\VC\bin\CL.exe /c /ZI /nologo /W3 /WX- /sdl /Od /Oy- /D WIN32 /D _DEBUG /D _CONSOLE /D _UNICODE /D UNICODE /Gm /EHsc /RTC1 /MDd /GS /fp:precise /Zc:wchar_t /Zc:forScope /Zc:inline /Fo"Debug\\" /Fd"Debug\vc140.pdb" /Gd /TP /analyze- /errorReport:prompt WordInsertor.cpp
         WordInsertor.cpp
     1>c:\users\ekhong\documents\visual studio 2015\projects\crossword\crossword\wordinsertor.cpp(52): warning C4244: 'initializing': conversion from 'std::chrono::system_clock::rep' to 'unsigned int', possible loss of data
     1>c:\users\ekhong\documents\visual studio 2015\projects\crossword\crossword\wordinsertor.cpp(93): warning C4018: '<': signed/unsigned mismatch
     1>c:\users\ekhong\documents\visual studio 2015\projects\crossword\crossword\wordinsertor.cpp(100): warning C4018: '<': signed/unsigned mismatch
     1>c:\users\ekhong\documents\visual studio 2015\projects\crossword\crossword\wordinsertor.cpp(110): warning C4018: '<': signed/unsigned mismatch
     1>c:\users\ekhong\documents\visual studio 2015\projects\crossword\crossword\wordinsertor.cpp(116): warning C4018: '<': signed/unsigned mismatch
     1>c:\users\ekhong\documents\visual studio 2015\projects\crossword\crossword\wordinsertor.cpp(130): warning C4018: '<': signed/unsigned mismatch
     1>c:\users\ekhong\documents\visual studio 2015\projects\crossword\crossword\wordinsertor.cpp(136): warning C4018: '<': signed/unsigned mismatch
     1>c:\users\ekhong\documents\visual studio 2015\projects\crossword\crossword\wordinsertor.cpp(145): warning C4018: '<': signed/unsigned mismatch
     1>c:\users\ekhong\documents\visual studio 2015\projects\crossword\crossword\wordinsertor.cpp(151): warning C4018: '<': signed/unsigned mismatch
     1>c:\users\ekhong\documents\visual studio 2015\projects\crossword\crossword\wordinsertor.cpp(165): warning C4018: '<': signed/unsigned mismatch
     1>c:\users\ekhong\documents\visual studio 2015\projects\crossword\crossword\wordinsertor.cpp(171): warning C4018: '<': signed/unsigned mismatch
     1>c:\users\ekhong\documents\visual studio 2015\projects\crossword\crossword\wordinsertor.cpp(180): warning C4018: '<': signed/unsigned mismatch
     1>c:\users\ekhong\documents\visual studio 2015\projects\crossword\crossword\wordinsertor.cpp(186): warning C4018: '<': signed/unsigned mismatch
     1>c:\users\ekhong\documents\visual studio 2015\projects\crossword\crossword\wordinsertor.cpp(200): warning C4018: '<': signed/unsigned mismatch
     1>c:\users\ekhong\documents\visual studio 2015\projects\crossword\crossword\wordinsertor.cpp(206): warning C4018: '<': signed/unsigned mismatch
     1>c:\users\ekhong\documents\visual studio 2015\projects\crossword\crossword\wordinsertor.cpp(215): warning C4018: '<': signed/unsigned mismatch
     1>c:\users\ekhong\documents\visual studio 2015\projects\crossword\crossword\wordinsertor.cpp(221): warning C4018: '<': signed/unsigned mismatch
     1>c:\users\ekhong\documents\visual studio 2015\projects\crossword\crossword\wordinsertor.cpp(235): warning C4018: '<': signed/unsigned mismatch
     1>c:\users\ekhong\documents\visual studio 2015\projects\crossword\crossword\wordinsertor.cpp(241): warning C4018: '<': signed/unsigned mismatch
     1>c:\users\ekhong\documents\visual studio 2015\projects\crossword\crossword\wordinsertor.cpp(250): warning C4018: '<': signed/unsigned mismatch
     1>c:\users\ekhong\documents\visual studio 2015\projects\crossword\crossword\wordinsertor.cpp(256): warning C4018: '<': signed/unsigned mismatch
     1>c:\users\ekhong\documents\visual studio 2015\projects\crossword\crossword\wordinsertor.cpp(270): warning C4018: '<': signed/unsigned mismatch
     1>c:\users\ekhong\documents\visual studio 2015\projects\crossword\crossword\wordinsertor.cpp(276): warning C4018: '<': signed/unsigned mismatch
     1>c:\users\ekhong\documents\visual studio 2015\projects\crossword\crossword\wordinsertor.cpp(285): warning C4018: '<': signed/unsigned mismatch
     1>c:\users\ekhong\documents\visual studio 2015\projects\crossword\crossword\wordinsertor.cpp(291): warning C4018: '<': signed/unsigned mismatch
     1>c:\users\ekhong\documents\visual studio 2015\projects\crossword\crossword\wordinsertor.cpp(305): warning C4018: '<': signed/unsigned mismatch
     1>c:\users\ekhong\documents\visual studio 2015\projects\crossword\crossword\wordinsertor.cpp(311): warning C4018: '<': signed/unsigned mismatch
     1>c:\users\ekhong\documents\visual studio 2015\projects\crossword\crossword\wordinsertor.cpp(320): warning C4018: '<': signed/unsigned mismatch
     1>c:\users\ekhong\documents\visual studio 2015\projects\crossword\crossword\wordinsertor.cpp(326): warning C4018: '<': signed/unsigned mismatch
     1>c:\users\ekhong\documents\visual studio 2015\projects\crossword\crossword\wordinsertor.cpp(340): warning C4018: '<': signed/unsigned mismatch
     1>c:\users\ekhong\documents\visual studio 2015\projects\crossword\crossword\wordinsertor.cpp(346): warning C4018: '<': signed/unsigned mismatch
     1>c:\users\ekhong\documents\visual studio 2015\projects\crossword\crossword\wordinsertor.cpp(355): warning C4018: '<': signed/unsigned mismatch
     1>c:\users\ekhong\documents\visual studio 2015\projects\crossword\crossword\wordinsertor.cpp(361): warning C4018: '<': signed/unsigned mismatch
     1>c:\users\ekhong\documents\visual studio 2015\projects\crossword\crossword\wordinsertor.cpp(375): warning C4018: '<': signed/unsigned mismatch
     1>c:\users\ekhong\documents\visual studio 2015\projects\crossword\crossword\wordinsertor.cpp(381): warning C4018: '<': signed/unsigned mismatch
     1>c:\users\ekhong\documents\visual studio 2015\projects\crossword\crossword\wordinsertor.cpp(390): warning C4018: '<': signed/unsigned mismatch
     1>c:\users\ekhong\documents\visual studio 2015\projects\crossword\crossword\wordinsertor.cpp(396): warning C4018: '<': signed/unsigned mismatch
     1>c:\users\ekhong\documents\visual studio 2015\projects\crossword\crossword\wordinsertor.cpp(410): warning C4018: '<': signed/unsigned mismatch
     1>c:\users\ekhong\documents\visual studio 2015\projects\crossword\crossword\wordinsertor.cpp(416): warning C4018: '<': signed/unsigned mismatch
     1>c:\users\ekhong\documents\visual studio 2015\projects\crossword\crossword\wordinsertor.cpp(425): warning C4018: '<': signed/unsigned mismatch
     1>c:\users\ekhong\documents\visual studio 2015\projects\crossword\crossword\wordinsertor.cpp(431): warning C4018: '<': signed/unsigned mismatch
       Link:
         C:\Program Files (x86)\Microsoft Visual Studio 14.0\VC\bin\link.exe /ERRORREPORT:PROMPT /OUT:"C:\Users\ekhong\Documents\Visual Studio 2015\Projects\Crossword\Debug\Crossword.exe" /INCREMENTAL /NOLOGO kernel32.lib user32.lib gdi32.lib winspool.lib comdlg32.lib advapi32.lib shell32.lib ole32.lib oleaut32.lib uuid.lib odbc32.lib odbccp32.lib /MANIFEST /MANIFESTUAC:"level='asInvoker' uiAccess='false'" /manifest:embed /Debug /PDB:"C:\Users\ekhong\Documents\Visual Studio 2015\Projects\Crossword\Debug\Crossword.pdb" /SUBSYSTEM:CONSOLE /TLBID:1 /DYNAMICBASE /NXCOMPAT /IMPLIB:"C:\Users\ekhong\Documents\Visual Studio 2015\Projects\Crossword\Debug\Crossword.lib" /MACHINE:X86 Debug\GridGenerator.obj
         Debug\main.obj
         Debug\WordInsertor.obj
         Crossword.vcxproj -> C:\Users\ekhong\Documents\Visual Studio 2015\Projects\Crossword\Debug\Crossword.exe
     1>Done Building Project "C:\Users\ekhong\Documents\Visual Studio 2015\Projects\Crossword\Crossword\Crossword.vcxproj" (Build target(s)).

Build succeeded.

Time Elapsed 00:00:01.39
